\BOOKMARK [1][-]{section.1}{Architecture Requirements}{}% 1
\BOOKMARK [2][-]{subsection.1.1}{Access and Itegration Requirements}{section.1}% 2
\BOOKMARK [3][-]{subsubsection.1.1.1}{Human Access Channels}{subsection.1.1}% 3
\BOOKMARK [3][-]{subsubsection.1.1.2}{System Access Channels}{subsection.1.1}% 4
\BOOKMARK [2][-]{subsection.1.2}{Quality Requirements}{section.1}% 5
\BOOKMARK [3][-]{subsubsection.1.2.1}{Scalability}{subsection.1.2}% 6
\BOOKMARK [3][-]{subsubsection.1.2.2}{Performance Requirements}{subsection.1.2}% 7
\BOOKMARK [3][-]{subsubsection.1.2.3}{Maintainability}{subsection.1.2}% 8
\BOOKMARK [3][-]{subsubsection.1.2.4}{Reliability and Availability}{subsection.1.2}% 9
\BOOKMARK [3][-]{subsubsection.1.2.5}{Auditability}{subsection.1.2}% 10
\BOOKMARK [3][-]{subsubsection.1.2.6}{Security}{subsection.1.2}% 11
\BOOKMARK [3][-]{subsubsection.1.2.7}{Monitorability}{subsection.1.2}% 12
\BOOKMARK [3][-]{subsubsection.1.2.8}{Testability}{subsection.1.2}% 13
\BOOKMARK [3][-]{subsubsection.1.2.9}{Usability}{subsection.1.2}% 14
\BOOKMARK [3][-]{subsubsection.1.2.10}{Integrability}{subsection.1.2}% 15
\BOOKMARK [2][-]{subsection.1.3}{Architecture constraints}{section.1}% 16
\BOOKMARK [1][-]{section.2}{Architectural patterns or styles}{}% 17
\BOOKMARK [2][-]{subsection.2.1}{Layering}{section.2}% 18
\BOOKMARK [3][-]{subsubsection.2.1.1}{Layers:}{subsection.2.1}% 19
\BOOKMARK [3][-]{subsubsection.2.1.2}{Advantages}{subsection.2.1}% 20
\BOOKMARK [3][-]{subsubsection.2.1.3}{Disadvantages}{subsection.2.1}% 21
\BOOKMARK [2][-]{subsection.2.2}{Model-View-Controller}{section.2}% 22
\BOOKMARK [1][-]{section.3}{Architectural tactics or strategies}{}% 23
\BOOKMARK [2][-]{subsection.3.1}{Thread pooling: }{section.3}% 24
\BOOKMARK [2][-]{subsection.3.2}{Clustering: }{section.3}% 25
\BOOKMARK [2][-]{subsection.3.3}{Interception: }{section.3}% 26
\BOOKMARK [2][-]{subsection.3.4}{Authentication}{section.3}% 27
\BOOKMARK [1][-]{section.4}{Access and integration channels}{}% 28
\BOOKMARK [2][-]{subsection.4.1}{EPIC}{section.4}% 29
\BOOKMARK [2][-]{subsection.4.2}{Malware}{section.4}% 30
\BOOKMARK [1][-]{section.5}{Technologies}{}% 31
