This is pdfTeX, Version 3.1415926-2.5-1.40.14 (MiKTeX 2.9) (preloaded format=pdflatex 2015.2.20)  29 MAY 2015 04:25
entering extended mode
**C:/Users/Maret/Documents/GitHub/Project-EPIC/Documents/Functional*Requirement
s/FunctionRequirements.tex

("C:/Users/Maret/Documents/GitHub/Project-EPIC/Documents/Functional Requirement
s/FunctionRequirements.tex"
LaTeX2e <2011/06/27>
Babel <v3.8m> and hyphenation patterns for english, afrikaans, ancientgreek, ar
abic, armenian, assamese, basque, bengali, bokmal, bulgarian, catalan, coptic, 
croatian, czech, danish, dutch, esperanto, estonian, farsi, finnish, french, ga
lician, german, german-x-2013-05-26, greek, gujarati, hindi, hungarian, iceland
ic, indonesian, interlingua, irish, italian, kannada, kurmanji, latin, latvian,
 lithuanian, malayalam, marathi, mongolian, mongolianlmc, monogreek, ngerman, n
german-x-2013-05-26, nynorsk, oriya, panjabi, pinyin, polish, portuguese, roman
ian, russian, sanskrit, serbian, slovak, slovenian, spanish, swedish, swissgerm
an, tamil, telugu, turkish, turkmen, ukenglish, ukrainian, uppersorbian, usengl
ishmax, welsh, loaded.
("C:\Program Files (x86)\MiKTeX 2.9\tex\latex\base\article.cls"
Document Class: article 2007/10/19 v1.4h Standard LaTeX document class
("C:\Program Files (x86)\MiKTeX 2.9\tex\latex\base\size12.clo"
File: size12.clo 2007/10/19 v1.4h Standard LaTeX file (size option)
)
\c@part=\count79
\c@section=\count80
\c@subsection=\count81
\c@subsubsection=\count82
\c@paragraph=\count83
\c@subparagraph=\count84
\c@figure=\count85
\c@table=\count86
\abovecaptionskip=\skip41
\belowcaptionskip=\skip42
\bibindent=\dimen102
)
("C:\Program Files (x86)\MiKTeX 2.9\tex\latex\graphics\graphicx.sty"
Package: graphicx 1999/02/16 v1.0f Enhanced LaTeX Graphics (DPC,SPQR)

("C:\Program Files (x86)\MiKTeX 2.9\tex\latex\graphics\keyval.sty"
Package: keyval 1999/03/16 v1.13 key=value parser (DPC)
\KV@toks@=\toks14
)
("C:\Program Files (x86)\MiKTeX 2.9\tex\latex\graphics\graphics.sty"
Package: graphics 2009/02/05 v1.0o Standard LaTeX Graphics (DPC,SPQR)

("C:\Program Files (x86)\MiKTeX 2.9\tex\latex\graphics\trig.sty"
Package: trig 1999/03/16 v1.09 sin cos tan (DPC)
)
("C:\Program Files (x86)\MiKTeX 2.9\tex\latex\00miktex\graphics.cfg"
File: graphics.cfg 2007/01/18 v1.5 graphics configuration of teTeX/TeXLive
)
Package graphics Info: Driver file: pdftex.def on input line 91.

("C:\Program Files (x86)\MiKTeX 2.9\tex\latex\pdftex-def\pdftex.def"
File: pdftex.def 2011/05/27 v0.06d Graphics/color for pdfTeX

("C:\Program Files (x86)\MiKTeX 2.9\tex\generic\oberdiek\infwarerr.sty"
Package: infwarerr 2010/04/08 v1.3 Providing info/warning/error messages (HO)
)
("C:\Program Files (x86)\MiKTeX 2.9\tex\generic\oberdiek\ltxcmds.sty"
Package: ltxcmds 2011/11/09 v1.22 LaTeX kernel commands for general use (HO)
)
\Gread@gobject=\count87
))
\Gin@req@height=\dimen103
\Gin@req@width=\dimen104
)
("C:\Users\Maret\Documents\GitHub\Project-EPIC\Documents\Functional Requirement
s\FunctionRequirements.aux")
LaTeX Font Info:    Checking defaults for OML/cmm/m/it on input line 9.
LaTeX Font Info:    ... okay on input line 9.
LaTeX Font Info:    Checking defaults for T1/cmr/m/n on input line 9.
LaTeX Font Info:    ... okay on input line 9.
LaTeX Font Info:    Checking defaults for OT1/cmr/m/n on input line 9.
LaTeX Font Info:    ... okay on input line 9.
LaTeX Font Info:    Checking defaults for OMS/cmsy/m/n on input line 9.
LaTeX Font Info:    ... okay on input line 9.
LaTeX Font Info:    Checking defaults for OMX/cmex/m/n on input line 9.
LaTeX Font Info:    ... okay on input line 9.
LaTeX Font Info:    Checking defaults for U/cmr/m/n on input line 9.
LaTeX Font Info:    ... okay on input line 9.

("C:\Program Files (x86)\MiKTeX 2.9\tex\context\base\supp-pdf.mkii"
[Loading MPS to PDF converter (version 2006.09.02).]
\scratchcounter=\count88
\scratchdimen=\dimen105
\scratchbox=\box26
\nofMPsegments=\count89
\nofMParguments=\count90
\everyMPshowfont=\toks15
\MPscratchCnt=\count91
\MPscratchDim=\dimen106
\MPnumerator=\count92
\makeMPintoPDFobject=\count93
\everyMPtoPDFconversion=\toks16
)
("C:\Users\Maret\Documents\GitHub\Project-EPIC\Documents\Functional Requirement
s\titlepage.tex" <US_logo.png, id=1, 578.16pt x 581.17125pt>
File: US_logo.png Graphic file (type png)
 <use US_logo.png>
Package pdftex.def Info: US_logo.png used on input line 5.
(pdftex.def)             Requested size: 117.00119pt x 117.60672pt.

[1

{C:/ProgramData/MiKTeX/2.9/pdftex/config/pdftex.map} <C:/Users/Maret/Documents/
GitHub/Project-EPIC/Documents/Functional Requirements/US_logo.png>])
("C:\Users\Maret\Documents\GitHub\Project-EPIC\Documents\Functional Requirement
s\FunctionRequirements.toc"
LaTeX Font Info:    External font `cmex10' loaded for size
(Font)              <12> on input line 2.
LaTeX Font Info:    External font `cmex10' loaded for size
(Font)              <8> on input line 2.
LaTeX Font Info:    External font `cmex10' loaded for size
(Font)              <6> on input line 2.
)
\tf@toc=\write3
 [1]
Overfull \hbox (0.99606pt too wide) in paragraph at lines 25--28
\OT1/cmr/m/n/12 This EPIC (Eaves-drop-ping Pro-tec-tion in Con-clave) project c
on-sist of a server,
 []

[2] <./Images/ServerClass.jpg, id=16, 520.94624pt x 463.7325pt>
File: ./Images/ServerClass.jpg Graphic file (type jpg)

<use ./Images/ServerClass.jpg>
Package pdftex.def Info: ./Images/ServerClass.jpg used on input line 37.
(pdftex.def)             Requested size: 312.00119pt x 277.73216pt.
LaTeX Font Info:    Try loading font information for OMS+cmr on input line 42.

("C:\Program Files (x86)\MiKTeX 2.9\tex\latex\base\omscmr.fd"
File: omscmr.fd 1999/05/25 v2.5h Standard LaTeX font definitions
)
LaTeX Font Info:    Font shape `OMS/cmr/m/n' in size <12> not available
(Font)              Font shape `OMS/cmsy/m/n' tried instead on input line 42.

<./Images/LoginUseCase.jpg, id=17, 542.025pt x 233.87375pt>
File: ./Images/LoginUseCase.jpg Graphic file (type jpg)

<use ./Images/LoginUseCase.jpg>
Package pdftex.def Info: ./Images/LoginUseCase.jpg used on input line 48.
(pdftex.def)             Requested size: 312.00119pt x 134.62622pt.


LaTeX Warning: `!h' float specifier changed to `!ht'.

[3 <C:/Users/Maret/Documents/GitHub/Project-EPIC/Documents/Functional Requireme
nts/Images/ServerClass.jpg>] [4 <C:/Users/Maret/Documents/GitHub/Project-EPIC/D
ocuments/Functional Requirements/Images/LoginUseCase.jpg>] [5]
<./Images/ApplicationClass.jpg, id=28, 640.3925pt x 373.395pt>
File: ./Images/ApplicationClass.jpg Graphic file (type jpg)

<use ./Images/ApplicationClass.jpg>
Package pdftex.def Info: ./Images/ApplicationClass.jpg used on input line 104.
(pdftex.def)             Requested size: 312.00119pt x 181.9225pt.

<./Images/ApplicationUseCase.jpg, id=29, 577.15625pt x 296.10625pt>
File: ./Images/ApplicationUseCase.jpg Graphic file (type jpg)

<use ./Images/ApplicationUseCase.jpg>
Package pdftex.def Info: ./Images/ApplicationUseCase.jpg used on input line 111
.
(pdftex.def)             Requested size: 312.00119pt x 160.07571pt.


LaTeX Warning: `!h' float specifier changed to `!ht'.

Missing character: There is no â in font cmr12!
Missing character: There is no € in font cmr12!
Missing character: There is no ™ in font cmr12!
[6 <C:/Users/Maret/Documents/GitHub/Project-EPIC/Documents/Functional Requireme
nts/Images/ApplicationClass.jpg>] [7 <C:/Users/Maret/Documents/GitHub/Project-E
PIC/Documents/Functional Requirements/Images/ApplicationUseCase.jpg>]
<./Images/CheckIDUseCase.jpg, id=37, 394.47375pt x 296.10625pt>
File: ./Images/CheckIDUseCase.jpg Graphic file (type jpg)

<use ./Images/CheckIDUseCase.jpg>
Package pdftex.def Info: ./Images/CheckIDUseCase.jpg used on input line 160.
(pdftex.def)             Requested size: 312.00119pt x 234.20149pt.
 [8 <C:/Users/Maret/Documents/GitHub/Project-EPIC/Documents/Functional Requirem
ents/Images/CheckIDUseCase.jpg>] [9]
<./Images/MalwareClass.jpg, id=44, 506.89375pt x 232.87pt>
File: ./Images/MalwareClass.jpg Graphic file (type jpg)

<use ./Images/MalwareClass.jpg>
Package pdftex.def Info: ./Images/MalwareClass.jpg used on input line 192.
(pdftex.def)             Requested size: 312.00119pt x 143.33678pt.

<./Images/MalwareServerUseCase.jpg, id=45, 303.1325pt x 217.81375pt>
File: ./Images/MalwareServerUseCase.jpg Graphic file (type jpg)

<use ./Images/MalwareServerUseCase.jpg>
Package pdftex.def Info: ./Images/MalwareServerUseCase.jpg used on input line 1
99.
(pdftex.def)             Requested size: 234.00238pt x 168.1425pt.
 [10 <C:/Users/Maret/Documents/GitHub/Project-EPIC/Documents/Functional Require
ments/Images/MalwareClass.jpg> <C:/Users/Maret/Documents/GitHub/Project-EPIC/Do
cuments/Functional Requirements/Images/MalwareServerUseCase.jpg>]
<./Images/MalwareApplicationUseCase.jpg, id=49, 478.78876pt x 260.975pt>
File: ./Images/MalwareApplicationUseCase.jpg Graphic file (type jpg)

<use ./Images/MalwareApplicationUseCase.jpg>
Package pdftex.def Info: ./Images/MalwareApplicationUseCase.jpg used on input l
ine 221.
(pdftex.def)             Requested size: 312.00119pt x 170.06181pt.
 [11 <C:/Users/Maret/Documents/GitHub/Project-EPIC/Documents/Functional Require
ments/Images/MalwareApplicationUseCase.jpg>] [12]
("C:\Users\Maret\Documents\GitHub\Project-EPIC\Documents\Functional Requirement
s\FunctionRequirements.aux") ) 
Here is how much of TeX's memory you used:
 1205 strings out of 493921
 17481 string characters out of 3144876
 65897 words of memory out of 3000000
 4520 multiletter control sequences out of 15000+200000
 9750 words of font info for 34 fonts, out of 3000000 for 9000
 841 hyphenation exceptions out of 8191
 27i,6n,19p,697b,297s stack positions out of 5000i,500n,10000p,200000b,50000s
<C:/Program Files (x86)/MiKTeX 2.9/fonts/type1/pu
blic/amsfonts/cm/cmbx12.pfb><C:/Program Files (x86)/MiKTeX 2.9/fonts/type1/publ
ic/amsfonts/cm/cmcsc10.pfb><C:/Program Files (x86)/MiKTeX 2.9/fonts/type1/publi
c/amsfonts/cm/cmr12.pfb><C:/Program Files (x86)/MiKTeX 2.9/fonts/type1/public/a
msfonts/cm/cmsy10.pfb><C:/Program Files (x86)/MiKTeX 2.9/fonts/type1/public/ams
fonts/cm/cmti12.pfb>
Output written on FunctionRequirements.pdf (13 pages, 674934 bytes).
PDF statistics:
 74 PDF objects out of 1000 (max. 8388607)
 0 named destinations out of 1000 (max. 500000)
 46 words of extra memory for PDF output out of 10000 (max. 10000000)

