\BOOKMARK [1][-]{section.1}{System Overview}{}% 1
\BOOKMARK [1][-]{section.2}{System Configuration}{}% 2
\BOOKMARK [1][-]{section.3}{Installation}{}% 3
\BOOKMARK [2][-]{subsection.3.1}{Android Application}{section.3}% 4
\BOOKMARK [2][-]{subsection.3.2}{Node}{section.3}% 5
\BOOKMARK [2][-]{subsection.3.3}{Intel Edison}{section.3}% 6
\BOOKMARK [2][-]{subsection.3.4}{Server}{section.3}% 7
\BOOKMARK [2][-]{subsection.3.5}{EPIC Malware}{section.3}% 8
\BOOKMARK [3][-]{subsubsection.3.5.1}{Android Malware Application}{subsection.3.5}% 9
\BOOKMARK [3][-]{subsubsection.3.5.2}{Java Malware Server}{subsection.3.5}% 10
\BOOKMARK [1][-]{section.4}{Getting Started}{}% 11
\BOOKMARK [2][-]{subsection.4.1}{Android Application}{section.4}% 12
\BOOKMARK [2][-]{subsection.4.2}{Node}{section.4}% 13
\BOOKMARK [2][-]{subsection.4.3}{Website}{section.4}% 14
\BOOKMARK [2][-]{subsection.4.4}{EPIC Malware}{section.4}% 15
\BOOKMARK [3][-]{subsubsection.4.4.1}{Java Malware Server}{subsection.4.4}% 16
\BOOKMARK [3][-]{subsubsection.4.4.2}{Android Malware Application}{subsection.4.4}% 17
\BOOKMARK [1][-]{section.5}{Using The System}{}% 18
\BOOKMARK [2][-]{subsection.5.1}{Android Application}{section.5}% 19
\BOOKMARK [2][-]{subsection.5.2}{Node}{section.5}% 20
\BOOKMARK [2][-]{subsection.5.3}{Website}{section.5}% 21
\BOOKMARK [2][-]{subsection.5.4}{EPIC Malware}{section.5}% 22
\BOOKMARK [3][-]{subsubsection.5.4.1}{Java Malware Server}{subsection.5.4}% 23
\BOOKMARK [3][-]{subsubsection.5.4.2}{Android Malware Application}{subsection.5.4}% 24
\BOOKMARK [1][-]{section.6}{Troubleshooting}{}% 25
\BOOKMARK [2][-]{subsection.6.1}{Android Application}{section.6}% 26
\BOOKMARK [2][-]{subsection.6.2}{Node}{section.6}% 27
\BOOKMARK [2][-]{subsection.6.3}{Website}{section.6}% 28
\BOOKMARK [2][-]{subsection.6.4}{EPIC Malware}{section.6}% 29
\BOOKMARK [3][-]{subsubsection.6.4.1}{Java Malware Server}{subsection.6.4}% 30
\BOOKMARK [3][-]{subsubsection.6.4.2}{Android Malware Application}{subsection.6.4}% 31
